
bb_init()
    conn:
    proto_major = 7
    proto_minor = 22
    async_read = 1
    max_write = 131072
    max_readahead = 131072
    capable = 00000ffb
    want = 00000010
    max_background = 0
    congestion_threshold = 0
    context:
    fuse = 020d3560
    uid = 0
    gid = 0
    pid = 0
    private_data = 020d2010
    logfile = 020d3040
    rootdir = /users/ug13/ananddhoot/Desktop/333/Lab11/fuse-tutorial-2016-03-25/example/rootdir
    umask = 00000

bb_getattr(path="/", statbuf=0x25cc2bf0)
    bb_fullpath:  rootdir = "/users/ug13/ananddhoot/Desktop/333/Lab11/fuse-tutorial-2016-03-25/example/rootdir", path = "/", fpath = "/users/ug13/ananddhoot/Desktop/333/Lab11/fuse-tutorial-2016-03-25/example/rootdir/"
    lstat returned 0
    si:
    st_dev = 37
    st_ino = 796918290
    st_mode = 040755
    st_nlink = 2
    st_uid = 1809136
    st_gid = 2013
    st_rdev = 0
    st_size = 4096
    st_blksize = 8192
    st_blocks = 8
    st_atime = 0x56fcd12e
    st_mtime = 0x56fcd133
    st_ctime = 0x56fcd133

bb_opendir(path="/", fi=0x264c3c50)
    bb_fullpath:  rootdir = "/users/ug13/ananddhoot/Desktop/333/Lab11/fuse-tutorial-2016-03-25/example/rootdir", path = "/", fpath = "/users/ug13/ananddhoot/Desktop/333/Lab11/fuse-tutorial-2016-03-25/example/rootdir/"
    opendir returned 0x0x7f5820000c80
    fi:
    flags = 0x00018800
    fh_old = 0x00000000
    writepage = 0
    direct_io = 0
    keep_cache = 0
    fh = 0x00007f5820000c80
    lock_owner = 0x0000000000000000

bb_readdir(path="/", buf=0x20000af0, filler=0x27090220, offset=0, fi=0x25cc2c50)
    readdir returned 0x0x7f5820000cb0
calling filler with name ..
calling filler with name .
calling filler with name bogus.txt
    fi:
    flags = 0x00000000
    fh_old = 0x7f5820000c80
    writepage = 0
    direct_io = 0
    keep_cache = 0
    fh = 0x00007f5820000c80
    lock_owner = 0x0000000000000000

bb_releasedir(path="/", fi=0x25cc2c60)
    fi:
    flags = 0x00000000
    fh_old = 0x7f5820000c80
    writepage = 0
    direct_io = 0
    keep_cache = 0
    fh = 0x00007f5820000c80
    lock_owner = 0x0000000000000000

bb_getattr(path="/bogus.txt", statbuf=0x264c3c20)
    bb_fullpath:  rootdir = "/users/ug13/ananddhoot/Desktop/333/Lab11/fuse-tutorial-2016-03-25/example/rootdir", path = "/bogus.txt", fpath = "/users/ug13/ananddhoot/Desktop/333/Lab11/fuse-tutorial-2016-03-25/example/rootdir/bogus.txt"
    lstat returned 0
    si:
    st_dev = 37
    st_ino = 796918295
    st_mode = 0100644
    st_nlink = 1
    st_uid = 1809136
    st_gid = 2013
    st_rdev = 0
    st_size = 11
    st_blksize = 8192
    st_blocks = 8
    st_atime = 0x56fcd133
    st_mtime = 0x56fcd133
    st_ctime = 0x56fcd133

bb_getattr(path="/", statbuf=0x25cc2bf0)
    bb_fullpath:  rootdir = "/users/ug13/ananddhoot/Desktop/333/Lab11/fuse-tutorial-2016-03-25/example/rootdir", path = "/", fpath = "/users/ug13/ananddhoot/Desktop/333/Lab11/fuse-tutorial-2016-03-25/example/rootdir/"
    lstat returned 0
    si:
    st_dev = 37
    st_ino = 796918290
    st_mode = 040755
    st_nlink = 2
    st_uid = 1809136
    st_gid = 2013
    st_rdev = 0
    st_size = 4096
    st_blksize = 8192
    st_blocks = 8
    st_atime = 0x56fcd13e
    st_mtime = 0x56fcd133
    st_ctime = 0x56fcd133

bb_opendir(path="/", fi=0x254c1c50)
    bb_fullpath:  rootdir = "/users/ug13/ananddhoot/Desktop/333/Lab11/fuse-tutorial-2016-03-25/example/rootdir", path = "/", fpath = "/users/ug13/ananddhoot/Desktop/333/Lab11/fuse-tutorial-2016-03-25/example/rootdir/"
    opendir returned 0x0x7f581c000b20
    fi:
    flags = 0x00018800
    fh_old = 0x00000000
    writepage = 0
    direct_io = 0
    keep_cache = 0
    fh = 0x00007f581c000b20
    lock_owner = 0x0000000000000000

bb_readdir(path="/", buf=0x1c000990, filler=0x27090220, offset=0, fi=0x264c3c50)
    readdir returned 0x0x7f581c000b50
calling filler with name ..
calling filler with name .
calling filler with name bogus.txt
    fi:
    flags = 0x00000000
    fh_old = 0x7f581c000b20
    writepage = 0
    direct_io = 0
    keep_cache = 0
    fh = 0x00007f581c000b20
    lock_owner = 0x0000000000000000

bb_releasedir(path="/", fi=0x254c1c60)
    fi:
    flags = 0x00000000
    fh_old = 0x7f581c000b20
    writepage = 0
    direct_io = 0
    keep_cache = 0
    fh = 0x00007f581c000b20
    lock_owner = 0x0000000000000000

bb_getattr(path="/", statbuf=0x264c3bf0)
    bb_fullpath:  rootdir = "/users/ug13/ananddhoot/Desktop/333/Lab11/fuse-tutorial-2016-03-25/example/rootdir", path = "/", fpath = "/users/ug13/ananddhoot/Desktop/333/Lab11/fuse-tutorial-2016-03-25/example/rootdir/"
    lstat returned 0
    si:
    st_dev = 37
    st_ino = 796918290
    st_mode = 040755
    st_nlink = 2
    st_uid = 1809136
    st_gid = 2013
    st_rdev = 0
    st_size = 4096
    st_blksize = 8192
    st_blocks = 8
    st_atime = 0x56fcd13e
    st_mtime = 0x56fcd133
    st_ctime = 0x56fcd133

bb_getattr(path="/bogus.txt", statbuf=0x25cc2c20)
    bb_fullpath:  rootdir = "/users/ug13/ananddhoot/Desktop/333/Lab11/fuse-tutorial-2016-03-25/example/rootdir", path = "/bogus.txt", fpath = "/users/ug13/ananddhoot/Desktop/333/Lab11/fuse-tutorial-2016-03-25/example/rootdir/bogus.txt"
    lstat returned 0
    si:
    st_dev = 37
    st_ino = 796918295
    st_mode = 0100644
    st_nlink = 1
    st_uid = 1809136
    st_gid = 2013
    st_rdev = 0
    st_size = 11
    st_blksize = 8192
    st_blocks = 8
    st_atime = 0x56fcd133
    st_mtime = 0x56fcd133
    st_ctime = 0x56fcd133

bb_open(path"/bogus.txt", fi=0x254c1d10)
    bb_fullpath:  rootdir = "/users/ug13/ananddhoot/Desktop/333/Lab11/fuse-tutorial-2016-03-25/example/rootdir", path = "/bogus.txt", fpath = "/users/ug13/ananddhoot/Desktop/333/Lab11/fuse-tutorial-2016-03-25/example/rootdir/bogus.txt"
    open returned 5
    fi:
    flags = 0x00008000
    fh_old = 0x00000000
    writepage = 0
    direct_io = 0
    keep_cache = 0
    fh = 0x0000000000000005
    lock_owner = 0x0000000000000000

bb_read(path="/bogus.txt", buf=0x20000e30, size=4096, offset=0, fi=0x264c3d10)
    fi:
    flags = 0x00008000
    fh_old = 0x00000005
    writepage = 0
    direct_io = 0
    keep_cache = 0
    fh = 0x0000000000000005
    lock_owner = 0x0000000000000000
    pread returned 11

bb_fgetattr(path="/bogus.txt", statbuf=0x25cc2bf0, fi=0x25cc2d10)
    fi:
    flags = 0x00000000
    fh_old = 0x00000005
    writepage = 0
    direct_io = 0
    keep_cache = 0
    fh = 0x0000000000000005
    lock_owner = 0x0000000000000000
    si:
    st_dev = 37
    st_ino = 796918295
    st_mode = 0100644
    st_nlink = 1
    st_uid = 1809136
    st_gid = 2013
    st_rdev = 0
    st_size = 11
    st_blksize = 8192
    st_blocks = 8
    st_atime = 0x56fcd14a
    st_mtime = 0x56fcd133
    st_ctime = 0x56fcd133

bb_flush(path="/bogus.txt", fi=0x254c1d10)
    fi:
    flags = 0x00000000
    fh_old = 0x00000005
    writepage = 0
    direct_io = 0
    keep_cache = 0
    fh = 0x0000000000000005
    lock_owner = 0x78b10c432942cee2

bb_release(path="/bogus.txt", fi=0x264c3d10)
    fi:
    flags = 0x00008000
    fh_old = 0x00000005
    writepage = 0
    direct_io = 0
    keep_cache = 0
    fh = 0x0000000000000005
    lock_owner = 0x0000000000000000
    close returned 0

bb_getattr(path="/bogus.txt", statbuf=0x25cc2c20)
    bb_fullpath:  rootdir = "/users/ug13/ananddhoot/Desktop/333/Lab11/fuse-tutorial-2016-03-25/example/rootdir", path = "/bogus.txt", fpath = "/users/ug13/ananddhoot/Desktop/333/Lab11/fuse-tutorial-2016-03-25/example/rootdir/bogus.txt"
    lstat returned 0
    si:
    st_dev = 37
    st_ino = 796918295
    st_mode = 0100644
    st_nlink = 1
    st_uid = 1809136
    st_gid = 2013
    st_rdev = 0
    st_size = 11
    st_blksize = 8192
    st_blocks = 8
    st_atime = 0x56fcd14a
    st_mtime = 0x56fcd133
    st_ctime = 0x56fcd133

bb_open(path"/bogus.txt", fi=0x254c1d10)
    bb_fullpath:  rootdir = "/users/ug13/ananddhoot/Desktop/333/Lab11/fuse-tutorial-2016-03-25/example/rootdir", path = "/bogus.txt", fpath = "/users/ug13/ananddhoot/Desktop/333/Lab11/fuse-tutorial-2016-03-25/example/rootdir/bogus.txt"
    open returned 5
    fi:
    flags = 0x00008000
    fh_old = 0x00000000
    writepage = 0
    direct_io = 0
    keep_cache = 0
    fh = 0x0000000000000005
    lock_owner = 0x0000000000000000

bb_getattr(path="/bogus.txt", statbuf=0x264c3bf0)
    bb_fullpath:  rootdir = "/users/ug13/ananddhoot/Desktop/333/Lab11/fuse-tutorial-2016-03-25/example/rootdir", path = "/bogus.txt", fpath = "/users/ug13/ananddhoot/Desktop/333/Lab11/fuse-tutorial-2016-03-25/example/rootdir/bogus.txt"
    lstat returned 0
    si:
    st_dev = 37
    st_ino = 796918295
    st_mode = 0100644
    st_nlink = 1
    st_uid = 1809136
    st_gid = 2013
    st_rdev = 0
    st_size = 11
    st_blksize = 8192
    st_blocks = 8
    st_atime = 0x56fcd14a
    st_mtime = 0x56fcd133
    st_ctime = 0x56fcd133

bb_read(path="/bogus.txt", buf=0x18000af0, size=4096, offset=0, fi=0x25cc2d10)
    fi:
    flags = 0x00008000
    fh_old = 0x00000005
    writepage = 0
    direct_io = 0
    keep_cache = 0
    fh = 0x0000000000000005
    lock_owner = 0x0000000000000000
    pread returned 11

bb_fgetattr(path="/bogus.txt", statbuf=0x254c1bf0, fi=0x254c1d10)
    fi:
    flags = 0x00000000
    fh_old = 0x00000005
    writepage = 0
    direct_io = 0
    keep_cache = 0
    fh = 0x0000000000000005
    lock_owner = 0x0000000000000000
    si:
    st_dev = 37
    st_ino = 796918295
    st_mode = 0100644
    st_nlink = 1
    st_uid = 1809136
    st_gid = 2013
    st_rdev = 0
    st_size = 11
    st_blksize = 8192
    st_blocks = 8
    st_atime = 0x56fcd14a
    st_mtime = 0x56fcd133
    st_ctime = 0x56fcd133

bb_flush(path="/bogus.txt", fi=0x264c3d10)
    fi:
    flags = 0x00000000
    fh_old = 0x00000005
    writepage = 0
    direct_io = 0
    keep_cache = 0
    fh = 0x0000000000000005
    lock_owner = 0xcd36acdb906d3587

bb_release(path="/bogus.txt", fi=0x25cc2d10)
    fi:
    flags = 0x00008000
    fh_old = 0x00000005
    writepage = 0
    direct_io = 0
    keep_cache = 0
    fh = 0x0000000000000005
    lock_owner = 0x0000000000000000
    close returned 0
